2021/03/10 12:16:36 - GetCSV - Using run configuration [Pentaho local]
2021/03/10 12:16:36 - GetCSV - Running transformation using the Kettle execution engine
2021/03/10 12:16:36 - storedatatodb - Dispatching started for transformation [storedatatodb]
2021/03/10 12:16:36 - storedatatodb - Nr of arguments detected:0 
2021/03/10 12:16:36 - storedatatodb - This is not a replay transformation
2021/03/10 12:16:36 - storedatatodb - I found 2 different steps to launch.
2021/03/10 12:16:36 - storedatatodb - Allocating rowsets...
2021/03/10 12:16:36 - storedatatodb -  Allocating rowsets for step 0 --> CSV file input
2021/03/10 12:16:36 - storedatatodb -   prevcopies = 1, nextcopies=1
2021/03/10 12:16:36 - storedatatodb - Transformation allocated new rowset [CSV file input.0 - Call DB procedure.0]
2021/03/10 12:16:36 - storedatatodb -  Allocated 1 rowsets for step 0 --> CSV file input  
2021/03/10 12:16:36 - storedatatodb -  Allocating rowsets for step 1 --> Call DB procedure
2021/03/10 12:16:36 - storedatatodb -  Allocated 1 rowsets for step 1 --> Call DB procedure  
2021/03/10 12:16:36 - storedatatodb - Allocating Steps & StepData...
2021/03/10 12:16:36 - storedatatodb -  Transformation is about to allocate step [CSV file input] of type [CsvInput]
2021/03/10 12:16:36 - storedatatodb -   Step has nrcopies=1
2021/03/10 12:16:36 - CSV file input.0 - distribution activated
2021/03/10 12:16:36 - CSV file input.0 - Starting allocation of buffers & new threads...
2021/03/10 12:16:36 - CSV file input.0 - Step info: nrinput=0 nroutput=1
2021/03/10 12:16:36 - CSV file input.0 - output rel. is  1:1
2021/03/10 12:16:36 - CSV file input.0 - Found output rowset [CSV file input.0 - Call DB procedure.0]
2021/03/10 12:16:36 - CSV file input.0 - Finished dispatching
2021/03/10 12:16:36 - storedatatodb -  Transformation has allocated a new step: [CSV file input].0
2021/03/10 12:16:36 - storedatatodb -  Transformation is about to allocate step [Call DB procedure] of type [DBProc]
2021/03/10 12:16:36 - storedatatodb -   Step has nrcopies=1
2021/03/10 12:16:36 - Call DB procedure.0 - distribution activated
2021/03/10 12:16:36 - Call DB procedure.0 - Starting allocation of buffers & new threads...
2021/03/10 12:16:36 - Call DB procedure.0 - Step info: nrinput=1 nroutput=0
2021/03/10 12:16:36 - Call DB procedure.0 - Got previous step from [Call DB procedure] #0 --> CSV file input
2021/03/10 12:16:36 - Call DB procedure.0 - input rel is 1:1
2021/03/10 12:16:36 - Call DB procedure.0 - Found input rowset [CSV file input.0 - Call DB procedure.0]
2021/03/10 12:16:36 - Call DB procedure.0 - Finished dispatching
2021/03/10 12:16:36 - storedatatodb -  Transformation has allocated a new step: [Call DB procedure].0
2021/03/10 12:16:36 - storedatatodb - This transformation can be replayed with replay date: 2021/03/10 12:16:36
2021/03/10 12:16:36 - storedatatodb - Initialising 2 steps...
2021/03/10 12:16:36 - Call DB procedure.0 - Released server socket on port 0
2021/03/10 12:16:36 - CSV file input.0 - Released server socket on port 0
2021/03/10 12:16:36 - DemoAPI - New database connection defined
2021/03/10 12:16:36 - Call DB procedure.0 - Connected to database...
2021/03/10 12:16:36 - storedatatodb - Step [CSV file input.0] initialized flawlessly.
2021/03/10 12:16:36 - storedatatodb - Step [Call DB procedure.0] initialized flawlessly.
2021/03/10 12:16:36 - storedatatodb - Transformation has allocated 2 threads and 1 rowsets.
2021/03/10 12:16:36 - CSV file input.0 - Starting to run...
2021/03/10 12:16:36 - Call DB procedure.0 - Starting to run...
2021/03/10 12:16:36 - CSV file input.0 - convert line to row
2021/03/10 12:16:36 - CSV file input.0 - convert line to row
2021/03/10 12:16:36 - CSV file input.0 - convert line to row
2021/03/10 12:16:36 - CSV file input.0 - Header row skipped in file 'D:\Projects\DataIntegrationProjects\Inputs\todatabase.csv'
2021/03/10 12:16:36 - CSV file input.0 - Signaling 'output done' to 1 output rowsets.
2021/03/10 12:16:36 - CSV file input.0 - Finished processing (I=4, O=0, R=0, W=3, U=0, E=0)
2021/03/10 12:16:36 - DemoAPI - DBA setting callableStatement to [{ ? = call adddatatoperson ( ?,  ?,  ?)}]
2021/03/10 12:16:36 - Call DB procedure.0 - ERROR (version 9.1.0.0-324, build 9.1.0.0-324 from 2020-09-07 05.09.05 by buildguy) : Because of an error, this step can't continue: 
2021/03/10 12:16:36 - Call DB procedure.0 - Unable to call procedure
2021/03/10 12:16:36 - Call DB procedure.0 - ERROR: function adddatatoperson(bigint, character varying, character varying) does not exist
  Hint: No function matches the given name and argument types. You might need to add explicit type casts.
  Position: 15
2021/03/10 12:16:36 - Call DB procedure.0 - Signaling 'output done' to 0 output rowsets.
2021/03/10 12:16:36 - DemoAPI - Connection to database closed!
2021/03/10 12:16:36 - Call DB procedure.0 - Finished processing (I=0, O=0, R=1, W=0, U=0, E=1)
2021/03/10 12:16:36 - storedatatodb - searching for annotations
2021/03/10 12:16:36 - storedatatodb - no annotations found
2021/03/10 12:16:36 - storedatatodb - ERROR (version 9.1.0.0-324, build 9.1.0.0-324 from 2020-09-07 05.09.05 by buildguy) : Errors detected!
2021/03/10 12:16:36 - storedatatodb - Transformation detected one or more steps with errors.
2021/03/10 12:16:36 - storedatatodb - Transformation is killing the other steps!
2021/03/10 12:16:36 - storedatatodb - Looking at step: CSV file input
2021/03/10 12:16:36 - storedatatodb - Looking at step: Call DB procedure
